07-21 17:53:15:679: [DEBUG: com.flynetwork.game.mainserver.MyClassLoader:41 ] -> 初始化 Class Loader 容器 Source：D:\script\ out：D:\script\classes\ 完成
07-21 17:53:16:053: [DEBUG: com.flynetwork.game.mainserver.MyClassLoader:104] -> 编译：D:\script\WhichClassLoader3.java 的文件成功
07-21 17:53:16:053: [DEBUG: com.flynetwork.game.mainserver.MyClassLoader:177] -> 加载 D:\script\classes\java.lang.Object 成功
07-21 17:53:16:053: [DEBUG: com.flynetwork.game.mainserver.MyClassLoader:177] -> 加载 D:\script\classes\java.lang.System 成功
07-21 17:53:16:053: [DEBUG: com.flynetwork.game.mainserver.MyClassLoader:177] -> 加载 D:\script\classes\java.io.PrintStream 成功
07-21 17:53:16:084: [DEBUG: com.flynetwork.game.mainserver.MyClassLoader:104] -> 编译：D:\script\ 的文件成功
07-21 17:53:16:084: [DEBUG: com.flynetwork.game.mainserver.MyClassLoader:177] -> 加载 D:\script\classes\com.flynetwork.game.mainserver.NewInterface 成功
07-21 17:53:16:084: [DEBUG: com.flynetwork.game.mainserver.MyClassLoader:177] -> 加载 D:\script\classes\com.fykj.xml.main.WhichClassLoader3 成功
07-21 17:54:42:555: [DEBUG: com.flynetwork.game.mainserver.MyClassLoader:41 ] -> 初始化 Class Loader 容器 Source：D:\script\ out：D:\script\classes\ 完成
07-21 17:54:42:945: [DEBUG: com.flynetwork.game.mainserver.MyClassLoader:104] -> 编译：D:\script\WhichClassLoader3.java 的文件成功
07-21 17:54:42:945: [DEBUG: com.flynetwork.game.mainserver.MyClassLoader:177] -> 加载 D:\script\classes\java.lang.Object 成功
07-21 17:54:42:945: [DEBUG: com.flynetwork.game.mainserver.MyClassLoader:177] -> 加载 D:\script\classes\java.lang.System 成功
07-21 17:54:42:945: [DEBUG: com.flynetwork.game.mainserver.MyClassLoader:177] -> 加载 D:\script\classes\java.io.PrintStream 成功
07-21 17:54:43:148: [DEBUG: com.flynetwork.game.mainserver.MyClassLoader:104] -> 编译：D:\script\ 的文件成功
07-21 17:54:43:148: [DEBUG: com.flynetwork.game.mainserver.MyClassLoader:177] -> 加载 D:\script\classes\com.flynetwork.game.mainserver.NewInterface 成功
07-21 17:54:43:148: [DEBUG: com.flynetwork.game.mainserver.MyClassLoader:177] -> 加载 D:\script\classes\java.lang.Throwable 成功
07-21 17:54:43:148: [DEBUG: com.flynetwork.game.mainserver.MyClassLoader:177] -> 加载 D:\script\classes\java.lang.UnsupportedOperationException 成功
07-21 17:54:43:148: [DEBUG: com.flynetwork.game.mainserver.MyClassLoader:177] -> 加载 D:\script\classes\com.fykj.xml.main.WhichClassLoader3 成功
07-21 17:54:53:163: [DEBUG: com.flynetwork.game.mainserver.MyClassLoader:41 ] -> 初始化 Class Loader 容器 Source：D:\script\ out：D:\script\classes\ 完成
07-21 17:54:53:553: [DEBUG: com.flynetwork.game.mainserver.MyClassLoader:104] -> 编译：D:\script\WhichClassLoader3.java 的文件成功
07-21 17:54:53:553: [DEBUG: com.flynetwork.game.mainserver.MyClassLoader:177] -> 加载 D:\script\classes\java.lang.Object 成功
07-21 17:54:53:553: [DEBUG: com.flynetwork.game.mainserver.MyClassLoader:177] -> 加载 D:\script\classes\java.lang.System 成功
07-21 17:54:53:553: [DEBUG: com.flynetwork.game.mainserver.MyClassLoader:177] -> 加载 D:\script\classes\java.io.PrintStream 成功
07-21 17:54:53:600: [DEBUG: com.flynetwork.game.mainserver.MyClassLoader:104] -> 编译：D:\script\ 的文件成功
07-21 17:54:53:600: [DEBUG: com.flynetwork.game.mainserver.MyClassLoader:177] -> 加载 D:\script\classes\com.flynetwork.game.mainserver.NewInterface 成功
07-21 17:54:53:600: [DEBUG: com.flynetwork.game.mainserver.MyClassLoader:177] -> 加载 D:\script\classes\java.lang.Throwable 成功
07-21 17:54:53:600: [DEBUG: com.flynetwork.game.mainserver.MyClassLoader:177] -> 加载 D:\script\classes\java.lang.UnsupportedOperationException 成功
07-21 17:56:28:198: [DEBUG: com.flynetwork.game.mainserver.MyClassLoader:41 ] -> 初始化 Class Loader 容器 Source：D:\script\ out：D:\script\classes\ 完成
07-21 17:56:28:573: [DEBUG: com.flynetwork.game.mainserver.MyClassLoader:104] -> 编译：D:\script\WhichClassLoader3.java 的文件成功
07-21 17:56:28:573: [DEBUG: com.flynetwork.game.mainserver.MyClassLoader:177] -> 加载 D:\script\classes\java.lang.Object 成功
07-21 17:56:28:573: [DEBUG: com.flynetwork.game.mainserver.MyClassLoader:177] -> 加载 D:\script\classes\java.lang.System 成功
07-21 17:56:28:573: [DEBUG: com.flynetwork.game.mainserver.MyClassLoader:177] -> 加载 D:\script\classes\java.io.PrintStream 成功
07-21 17:56:28:635: [DEBUG: com.flynetwork.game.mainserver.MyClassLoader:104] -> 编译：D:\script\ 的文件成功
07-21 17:56:28:635: [DEBUG: com.flynetwork.game.mainserver.MyClassLoader:177] -> 加载 D:\script\classes\com.flynetwork.game.mainserver.NewInterface 成功
07-21 17:56:28:635: [DEBUG: com.flynetwork.game.mainserver.MyClassLoader:177] -> 加载 D:\script\classes\com.flynetwork.game.mainserver.BaseClass 成功
07-21 17:56:28:635: [DEBUG: com.flynetwork.game.mainserver.MyClassLoader:177] -> 加载 D:\script\classes\java.lang.Class 成功
07-21 17:56:28:635: [DEBUG: com.flynetwork.game.mainserver.MyClassLoader:177] -> 加载 D:\script\classes\org.apache.log4j.Logger 成功
07-21 17:56:28:635: [DEBUG: com.flynetwork.game.mainserver.MyClassLoader:177] -> 加载 D:\script\classes\com.fykj.xml.main.WhichClassLoader3 成功
07-21 17:59:27:958: [DEBUG: com.flynetwork.game.mainserver.MyClassLoader:41 ] -> 初始化 Class Loader 容器 Source：D:\script\ out：D:\script\classes\ 完成
07-21 17:59:28:348: [DEBUG: com.flynetwork.game.mainserver.MyClassLoader:104] -> 编译：D:\script\WhichClassLoader3.java 的文件成功
07-21 17:59:28:348: [DEBUG: com.flynetwork.game.mainserver.MyClassLoader:177] -> 加载 D:\script\classes\java.lang.Object 成功
07-21 17:59:28:348: [DEBUG: com.flynetwork.game.mainserver.MyClassLoader:177] -> 加载 D:\script\classes\java.lang.System 成功
07-21 17:59:28:348: [DEBUG: com.flynetwork.game.mainserver.MyClassLoader:177] -> 加载 D:\script\classes\java.io.PrintStream 成功
07-21 17:59:28:394: [DEBUG: com.flynetwork.game.mainserver.MyClassLoader:104] -> 编译：D:\script\ 的文件成功
07-21 17:59:28:394: [DEBUG: com.flynetwork.game.mainserver.MyClassLoader:177] -> 加载 D:\script\classes\com.flynetwork.game.mainserver.NewInterface 成功
07-21 17:59:28:394: [DEBUG: com.flynetwork.game.mainserver.MyClassLoader:177] -> 加载 D:\script\classes\com.fykj.xml.main.WhichClassLoader3 成功
