[2014-07-21 10:08:12 INFO ] [main] (com.flynetwork.game.mainserver.ServerMain:24) - ssss
[2014-07-21 10:17:19 ERROR] [main] (com.flynetwork.game.mainserver.ServerMain:32) - [Ljava.lang.String;@37a71e93
[2014-07-21 10:17:19 FATAL] [main] (com.flynetwork.game.mainserver.ServerMain:33) - [Ljava.lang.String;@37a71e93
[2014-07-21 10:17:42 INFO ] [main] (com.flynetwork.game.mainserver.ServerMain:25) - ssss
[2014-07-21 10:17:42 DEBUG] [main] (com.flynetwork.game.mainserver.ServerMain:28) - [Ljava.lang.String;@300ffa5d
[2014-07-21 10:17:42 INFO ] [main] (com.flynetwork.game.mainserver.ServerMain:30) - [Ljava.lang.String;@300ffa5d
[2014-07-21 10:17:42 WARN ] [main] (com.flynetwork.game.mainserver.ServerMain:31) - [Ljava.lang.String;@300ffa5d
[2014-07-21 10:17:42 ERROR] [main] (com.flynetwork.game.mainserver.ServerMain:32) - [Ljava.lang.String;@300ffa5d
[2014-07-21 10:17:42 FATAL] [main] (com.flynetwork.game.mainserver.ServerMain:33) - [Ljava.lang.String;@300ffa5d
[2014-07-21 10:35:01 INFO ] [main] (com.flynetwork.game.mainserver.ServerMain:24) - 我是测试的  ServerMain
[2014-07-21 10:35:01 INFO ] [main] (com.flynetwork.game.mainserver.Workflow:16) - 我是 Workflow
[2014-07-21 10:36:26 INFO ] [main] (com.flynetwork.game.mainserver.ServerMain:24) - 我是测试的  ServerMain
[2014-07-21 10:36:26 INFO ] [main] (com.flynetwork.game.mainserver.Workflow:16) - 我是 Workflow
[2014-07-21 10:36:26 INFO ] [main] (com.flynetwork.game.mainserver.Workflow:26) - doubi
[2014-07-21 10:40:22 INFO ] [main] (com.flynetwork.game.mainserver.ServerMain:25) - 我是测试的  ServerMain
[2014-07-21 10:40:22 INFO ] [main] (com.flynetwork.game.mainserver.Workflow:16) - 我是 Workflow
[2014-07-21 10:40:22 INFO ] [main] (com.flynetwork.game.mainserver.ServerMain:27) - create Workflow
[2014-07-21 10:42:28 INFO ] [main] (com.flynetwork.game.mainserver.ServerMain:25) - 我是测试的  ServerMain
[2014-07-21 10:42:28 INFO ] [main] (com.flynetwork.game.mainserver.Workflow:16) - 我是 Workflow
[2014-07-21 10:42:28 INFO ] [main] (com.flynetwork.game.mainserver.ServerMain:27) - create Workflow
[2014-07-21 10:45:38 INFO ] [main] (com.flynetwork.game.mainserver.ServerMain:25) - 我是测试的  ServerMain
[2014-07-21 10:45:38 INFO ] [main] (com.flynetwork.game.mainserver.Workflow:16) - 我是 Workflow
[2014-07-21 10:45:38 INFO ] [main] (com.flynetwork.game.mainserver.ServerMain:27) - create 
[2014-07-21 10:45:58 INFO ] [main] (com.flynetwork.game.mainserver.ServerMain:25) - 我是测试的  ServerMain
[2014-07-21 10:45:58 INFO ] [main] (com.flynetwork.game.mainserver.Workflow:16) - 我是 Workflow
[2014-07-21 10:45:58 INFO ] [main] (com.flynetwork.game.mainserver.ServerMain:27) - create 
[2014-07-21 10:46:39 INFO ] [main] (com.flynetwork.game.mainserver.ServerMain:25) - 我是测试的  ServerMain
[2014-07-21 10:46:39 INFO ] [main] (com.flynetwork.game.mainserver.Workflow:16) - 我是 Workflow
[2014-07-21 10:46:39 INFO ] [main] (com.flynetwork.game.mainserver.ServerMain:27) - create 
[2014-07-21 10:49:48 INFO ] [main] (com.flynetwork.game.mainserver.ServerMain:18) - 我是测试的  ServerMain
[2014-07-21 10:49:48 INFO ] [main] (com.flynetwork.game.mainserver.Workflow:16) - 我是 Workflow
[2014-07-21 10:49:48 INFO ] [main] (com.flynetwork.game.mainserver.ServerMain:20) - create 
[2014-07-21 10:50:19 INFO ] [main] (com.flynetwork.game.mainserver.ServerMain:18) - 我是测试的  ServerMain
[2014-07-21 10:50:19 INFO ] [main] (com.flynetwork.game.mainserver.Workflow:16) - 我是 Workflow
[2014-07-21 10:50:19 INFO ] [main] (com.flynetwork.game.mainserver.ServerMain:20) - create 
[2014-07-21 10:50:19 DEBUG] [main] (com.flynetwork.game.mainserver.ServerMain:21) - create 
[2014-07-21 10:50:47 INFO ] [main] (com.flynetwork.game.mainserver.ServerMain:18) - 我是测试的  ServerMain
[2014-07-21 10:50:47 INFO ] [main] (com.flynetwork.game.mainserver.Workflow:16) - 我是 Workflow
[2014-07-21 10:50:47 INFO ] [main] (com.flynetwork.game.mainserver.ServerMain:20) - create 
[2014-07-21 10:50:47 DEBUG] [main] (com.flynetwork.game.mainserver.ServerMain:21) - create 
[2014-07-21 10:51:34 INFO ] [main] (com.flynetwork.game.mainserver.ServerMain:18) - 我是测试的  ServerMain
[2014-07-21 10:51:34 INFO ] [main] (com.flynetwork.game.mainserver.Workflow:16) - 我是 Workflow
[2014-07-21 10:51:34 INFO ] [main] (com.flynetwork.game.mainserver.ServerMain:20) - create 
[2014-07-21 10:51:34 DEBUG] [main] (com.flynetwork.game.mainserver.ServerMain:21) - create 
