07-28 10:23:52:319: [INFO : com.flynetwork.game.nettytest.NettyEncoder:27 ] -> Create NettyDecoder
07-28 10:23:52:335: [INFO : com.flynetwork.game.nettytest.NettyEncoder:29 ] -> Create NettyEncoder
07-28 10:23:52:335: [INFO : com.flynetwork.game.nettytest.NettyEncoder:27 ] -> Create NettyDecoder
07-28 10:23:52:350: [INFO : com.flynetwork.game.nettytest.NettyEncoder:29 ] -> Create NettyEncoder
07-28 10:23:52:350: [INFO : com.flynetwork.game.nettytest.NettyClient:26 ] -> 创建了新的客户端连接
07-28 10:23:52:381: [INFO : com.flynetwork.game.nettytest.NettyEncoder:35 ] -> 消息ID 900999 tipsString:0你好1
07-28 10:25:08:104: [INFO : com.flynetwork.game.nettytest.NettyEncoder:36 ] -> decode
07-28 10:25:08:104: [INFO : com.flynetwork.game.nettytest.NettyEncoder:36 ] -> decode
07-28 10:25:08:104: [INFO : com.flynetwork.game.nettytest.NettyEncoder:36 ] -> decode
07-28 10:25:08:104: [INFO : com.flynetwork.game.nettytest.NettyClient:41 ] -> exceptionCaughtio.netty.handler.codec.DecoderException: java.io.EOFException: fieldSize is too long! Length is 4, but maximum is 3
07-28 10:25:08:104: [INFO : com.flynetwork.game.nettytest.NettyEncoder:36 ] -> decode
07-28 10:25:08:104: [INFO : com.flynetwork.game.nettytest.NettyClient:41 ] -> exceptionCaughtio.netty.handler.codec.DecoderException: java.io.EOFException: fieldSize is too long! Length is 4, but maximum is 3
07-28 10:25:08:104: [INFO : com.flynetwork.game.nettytest.NettyClient:20 ] -> 移除了客户端连接
07-28 10:25:08:119: [INFO : com.flynetwork.game.nettytest.NettyEncoder:36 ] -> decode
07-28 10:25:30:599: [INFO : com.flynetwork.game.nettytest.NettyEncoder:27 ] -> Create NettyDecoder
07-28 10:25:30:599: [INFO : com.flynetwork.game.nettytest.NettyEncoder:29 ] -> Create NettyEncoder
07-28 10:25:30:599: [INFO : com.flynetwork.game.nettytest.NettyEncoder:27 ] -> Create NettyDecoder
07-28 10:25:30:599: [INFO : com.flynetwork.game.nettytest.NettyEncoder:29 ] -> Create NettyEncoder
07-28 10:25:30:599: [INFO : com.flynetwork.game.nettytest.NettyClient:26 ] -> 创建了新的客户端连接
07-28 10:25:30:615: [INFO : com.flynetwork.game.nettytest.NettyEncoder:35 ] -> 消息ID 900999 tipsString:0你好1
07-28 10:25:30:615: [INFO : com.flynetwork.game.nettytest.NettyEncoder:36 ] -> decode
07-28 10:25:30:615: [INFO : com.flynetwork.game.nettytest.NettyEncoder:36 ] -> decode
07-28 10:25:30:615: [INFO : com.flynetwork.game.nettytest.NettyEncoder:36 ] -> decode
07-28 10:25:30:615: [INFO : com.flynetwork.game.nettytest.NettyClient:41 ] -> exceptionCaughtio.netty.handler.codec.DecoderException: java.io.EOFException: fieldSize is too long! Length is 4, but maximum is 3
07-28 10:25:30:615: [INFO : com.flynetwork.game.nettytest.NettyEncoder:36 ] -> decode
07-28 10:25:30:615: [INFO : com.flynetwork.game.nettytest.NettyClient:41 ] -> exceptionCaughtio.netty.handler.codec.DecoderException: java.io.EOFException: fieldSize is too long! Length is 4, but maximum is 3
07-28 10:25:30:615: [INFO : com.flynetwork.game.nettytest.NettyClient:20 ] -> 移除了客户端连接
07-28 10:25:30:630: [INFO : com.flynetwork.game.nettytest.NettyEncoder:36 ] -> decode
07-28 10:27:58:690: [INFO : com.flynetwork.game.nettytest.NettyEncoder:27 ] -> Create NettyDecoder
07-28 10:27:58:690: [INFO : com.flynetwork.game.nettytest.NettyEncoder:29 ] -> Create NettyEncoder
07-28 10:27:58:706: [INFO : com.flynetwork.game.nettytest.NettyEncoder:27 ] -> Create NettyDecoder
07-28 10:27:58:706: [INFO : com.flynetwork.game.nettytest.NettyEncoder:34 ] -> encode
07-28 10:27:58:721: [INFO : com.flynetwork.game.nettytest.NettyEncoder:29 ] -> Create NettyEncoder
07-28 10:27:58:721: [INFO : com.flynetwork.game.nettytest.NettyClient:26 ] -> 创建了新的客户端连接
07-28 10:28:12:340: [INFO : com.flynetwork.game.nettytest.NettyEncoder:36 ] -> decode
07-28 10:36:46:308: [INFO : com.flynetwork.game.nettytest.NettyEncoder:27 ] -> Create NettyDecoder
07-28 10:36:46:323: [INFO : com.flynetwork.game.nettytest.NettyEncoder:29 ] -> Create NettyEncoder
07-28 10:36:46:323: [INFO : com.flynetwork.game.nettytest.NettyEncoder:27 ] -> Create NettyDecoder
07-28 10:36:46:323: [INFO : com.flynetwork.game.nettytest.NettyEncoder:34 ] -> encode
07-28 10:36:46:339: [INFO : com.flynetwork.game.nettytest.NettyEncoder:29 ] -> Create NettyEncoder
07-28 10:36:46:339: [INFO : com.flynetwork.game.nettytest.NettyClient:26 ] -> 创建了新的客户端连接
07-28 10:36:46:339: [INFO : com.flynetwork.game.nettytest.NettyEncoder:36 ] -> decode
07-28 10:37:13:498: [INFO : com.flynetwork.game.nettytest.NettyEncoder:36 ] -> decode
07-28 10:37:40:159: [INFO : com.flynetwork.game.nettytest.NettyEncoder:27 ] -> Create NettyDecoder
07-28 10:37:40:159: [INFO : com.flynetwork.game.nettytest.NettyEncoder:29 ] -> Create NettyEncoder
07-28 10:37:40:174: [INFO : com.flynetwork.game.nettytest.NettyEncoder:27 ] -> Create NettyDecoder
07-28 10:37:40:174: [INFO : com.flynetwork.game.nettytest.NettyEncoder:29 ] -> Create NettyEncoder
07-28 10:37:40:174: [INFO : com.flynetwork.game.nettytest.NettyEncoder:34 ] -> encode
07-28 10:37:40:174: [INFO : com.flynetwork.game.nettytest.NettyClient:26 ] -> 创建了新的客户端连接
07-28 10:37:40:190: [INFO : com.flynetwork.game.nettytest.NettyEncoder:36 ] -> decode
07-28 10:37:40:190: [INFO : com.flynetwork.game.nettytest.NettyEncoder:42 ] -> decode -2030041040
07-28 10:38:17:427: [INFO : com.flynetwork.game.nettytest.NettyEncoder:36 ] -> decode
07-28 10:38:28:129: [INFO : com.flynetwork.game.nettytest.NettyEncoder:27 ] -> Create NettyDecoder
07-28 10:38:28:129: [INFO : com.flynetwork.game.nettytest.NettyEncoder:29 ] -> Create NettyEncoder
07-28 10:38:28:145: [INFO : com.flynetwork.game.nettytest.NettyEncoder:27 ] -> Create NettyDecoder
07-28 10:38:28:160: [INFO : com.flynetwork.game.nettytest.NettyEncoder:34 ] -> encode
07-28 10:38:28:160: [INFO : com.flynetwork.game.nettytest.NettyEncoder:29 ] -> Create NettyEncoder
07-28 10:38:28:160: [INFO : com.flynetwork.game.nettytest.NettyClient:26 ] -> 创建了新的客户端连接
07-28 10:38:28:176: [INFO : com.flynetwork.game.nettytest.NettyEncoder:36 ] -> decode
07-28 10:38:28:176: [INFO : com.flynetwork.game.nettytest.NettyEncoder:41 ] -> decode -2030041040
07-28 10:38:47:145: [INFO : com.flynetwork.game.nettytest.NettyEncoder:36 ] -> decode
07-28 10:45:25:161: [INFO : com.flynetwork.game.nettytest.NettyEncoder:27 ] -> Create NettyDecoder
07-28 10:45:25:161: [INFO : com.flynetwork.game.nettytest.NettyEncoder:29 ] -> Create NettyEncoder
07-28 10:45:25:177: [INFO : com.flynetwork.game.nettytest.NettyEncoder:27 ] -> Create NettyDecoder
07-28 10:45:25:177: [INFO : com.flynetwork.game.nettytest.NettyEncoder:29 ] -> Create NettyEncoder
07-28 10:45:25:177: [INFO : com.flynetwork.game.nettytest.NettyEncoder:34 ] -> encode
07-28 10:45:25:177: [INFO : com.flynetwork.game.nettytest.NettyClient:26 ] -> 创建了新的客户端连接
07-28 10:45:25:177: [INFO : com.flynetwork.game.nettytest.NettyEncoder:43 ] -> encode 11
07-28 10:45:25:192: [INFO : com.flynetwork.game.nettytest.NettyEncoder:36 ] -> decode
07-28 10:45:25:192: [INFO : com.flynetwork.game.nettytest.NettyEncoder:37 ] -> decode 11
07-28 10:45:25:192: [INFO : com.flynetwork.game.nettytest.NettyEncoder:42 ] -> decode -2030041040
07-28 10:45:38:172: [INFO : com.flynetwork.game.nettytest.NettyEncoder:36 ] -> decode
07-28 10:45:38:172: [INFO : com.flynetwork.game.nettytest.NettyEncoder:37 ] -> decode 0
07-28 10:46:05:004: [INFO : com.flynetwork.game.nettytest.NettyEncoder:27 ] -> Create NettyDecoder
07-28 10:46:05:004: [INFO : com.flynetwork.game.nettytest.NettyEncoder:29 ] -> Create NettyEncoder
07-28 10:46:05:004: [INFO : com.flynetwork.game.nettytest.NettyEncoder:27 ] -> Create NettyDecoder
07-28 10:46:05:019: [INFO : com.flynetwork.game.nettytest.NettyEncoder:34 ] -> encode
07-28 10:46:05:019: [INFO : com.flynetwork.game.nettytest.NettyEncoder:29 ] -> Create NettyEncoder
07-28 10:46:05:019: [INFO : com.flynetwork.game.nettytest.NettyClient:26 ] -> 创建了新的客户端连接
07-28 10:46:05:019: [INFO : com.flynetwork.game.nettytest.NettyEncoder:43 ] -> encode 11
07-28 10:46:05:035: [INFO : com.flynetwork.game.nettytest.NettyEncoder:36 ] -> decode
07-28 10:46:05:035: [INFO : com.flynetwork.game.nettytest.NettyEncoder:37 ] -> decode 11
07-28 10:46:05:035: [INFO : com.flynetwork.game.nettytest.NettyEncoder:42 ] -> decode -2030041040
07-28 10:49:16:806: [INFO : com.flynetwork.game.nettytest.NettyEncoder:36 ] -> decode
07-28 10:49:16:806: [INFO : com.flynetwork.game.nettytest.NettyEncoder:37 ] -> decode 0
07-28 10:49:26:774: [INFO : com.flynetwork.game.nettytest.NettyEncoder:27 ] -> Create NettyDecoder
07-28 10:49:26:774: [INFO : com.flynetwork.game.nettytest.NettyEncoder:29 ] -> Create NettyEncoder
07-28 10:49:26:790: [INFO : com.flynetwork.game.nettytest.NettyEncoder:27 ] -> Create NettyDecoder
07-28 10:49:26:790: [INFO : com.flynetwork.game.nettytest.NettyEncoder:34 ] -> encode
07-28 10:49:26:790: [INFO : com.flynetwork.game.nettytest.NettyEncoder:29 ] -> Create NettyEncoder
07-28 10:49:26:790: [INFO : com.flynetwork.game.nettytest.NettyClient:26 ] -> 创建了新的客户端连接
07-28 10:49:26:790: [INFO : com.flynetwork.game.nettytest.NettyEncoder:43 ] -> encode 11  -2030041040
07-28 10:49:26:806: [INFO : com.flynetwork.game.nettytest.NettyEncoder:36 ] -> decode
07-28 10:49:26:806: [INFO : com.flynetwork.game.nettytest.NettyEncoder:37 ] -> decode 3
07-28 10:49:26:806: [INFO : com.flynetwork.game.nettytest.NettyClient:41 ] -> exceptionCaughtio.netty.handler.codec.DecoderException: java.io.EOFException: fieldSize is too long! Length is 4, but maximum is 3
07-28 10:49:26:806: [INFO : com.flynetwork.game.nettytest.NettyEncoder:36 ] -> decode
07-28 10:49:26:806: [INFO : com.flynetwork.game.nettytest.NettyEncoder:37 ] -> decode 0
07-28 10:49:26:806: [INFO : com.flynetwork.game.nettytest.NettyClient:41 ] -> exceptionCaughtio.netty.handler.codec.DecoderException: java.io.EOFException: fieldSize is too long! Length is 4, but maximum is 0
07-28 10:49:26:806: [INFO : com.flynetwork.game.nettytest.NettyClient:20 ] -> 移除了客户端连接
07-28 10:49:26:837: [INFO : com.flynetwork.game.nettytest.NettyEncoder:36 ] -> decode
07-28 10:49:26:837: [INFO : com.flynetwork.game.nettytest.NettyEncoder:37 ] -> decode 0
07-28 10:50:42:138: [INFO : com.flynetwork.game.nettytest.NettyEncoder:27 ] -> Create NettyDecoder
07-28 10:50:42:154: [INFO : com.flynetwork.game.nettytest.NettyEncoder:29 ] -> Create NettyEncoder
07-28 10:50:42:154: [INFO : com.flynetwork.game.nettytest.NettyEncoder:27 ] -> Create NettyDecoder
07-28 10:50:42:169: [INFO : com.flynetwork.game.nettytest.NettyEncoder:34 ] -> encode
07-28 10:50:42:169: [INFO : com.flynetwork.game.nettytest.NettyEncoder:29 ] -> Create NettyEncoder
07-28 10:50:42:169: [INFO : com.flynetwork.game.nettytest.NettyClient:26 ] -> 创建了新的客户端连接
07-28 10:50:42:169: [INFO : com.flynetwork.game.nettytest.NettyEncoder:43 ] -> encode 11  -2030041040
07-28 10:50:42:169: [INFO : com.flynetwork.game.nettytest.NettyEncoder:36 ] -> decode
07-28 10:50:42:169: [INFO : com.flynetwork.game.nettytest.NettyEncoder:37 ] -> decode 11
07-28 10:50:42:185: [INFO : com.flynetwork.game.nettytest.NettyEncoder:42 ] -> decode -2030041040
07-28 10:50:54:103: [INFO : com.flynetwork.game.nettytest.NettyEncoder:36 ] -> decode
07-28 10:50:54:103: [INFO : com.flynetwork.game.nettytest.NettyEncoder:37 ] -> decode 0
07-28 10:52:05:083: [INFO : com.flynetwork.game.nettytest.NettyEncoder:27 ] -> Create NettyDecoder
07-28 10:52:05:083: [INFO : com.flynetwork.game.nettytest.NettyEncoder:29 ] -> Create NettyEncoder
07-28 10:52:05:099: [INFO : com.flynetwork.game.nettytest.NettyEncoder:27 ] -> Create NettyDecoder
07-28 10:52:05:099: [INFO : com.flynetwork.game.nettytest.NettyEncoder:34 ] -> encode
07-28 10:52:05:099: [INFO : com.flynetwork.game.nettytest.NettyEncoder:29 ] -> Create NettyEncoder
07-28 10:52:05:099: [INFO : com.flynetwork.game.nettytest.NettyClient:26 ] -> 创建了新的客户端连接
07-28 10:52:05:099: [INFO : com.flynetwork.game.nettytest.NettyEncoder:43 ] -> encode 14  900999
07-28 10:52:05:115: [INFO : com.flynetwork.game.nettytest.NettyEncoder:36 ] -> decode
07-28 10:52:05:115: [INFO : com.flynetwork.game.nettytest.NettyEncoder:37 ] -> decode 14
07-28 10:52:05:115: [INFO : com.flynetwork.game.nettytest.NettyEncoder:42 ] -> decode 900999
07-28 10:52:05:115: [INFO : com.flynetwork.game.nettytest.NettyClient:31 ] -> 消息ID 900999 tipsString:0你好1
07-28 10:52:18:484: [INFO : com.flynetwork.game.nettytest.NettyClient:41 ] -> exceptionCaughtjava.io.IOException: 远程主机强迫关闭了一个现有的连接。
07-28 10:52:18:499: [INFO : com.flynetwork.game.nettytest.NettyEncoder:36 ] -> decode
07-28 10:52:18:499: [INFO : com.flynetwork.game.nettytest.NettyEncoder:37 ] -> decode 0
07-28 10:52:18:499: [INFO : com.flynetwork.game.nettytest.NettyClient:41 ] -> exceptionCaughtio.netty.handler.codec.DecoderException: java.io.EOFException: fieldSize is too long! Length is 4, but maximum is 0
07-28 10:52:18:499: [INFO : com.flynetwork.game.nettytest.NettyClient:20 ] -> 移除了客户端连接
07-28 11:01:36:887: [INFO : com.flynetwork.game.nettytest.NettyClient:26 ] -> 创建了新的客户端连接
07-28 11:14:57:187: [INFO : com.flynetwork.game.nettytest.NettyClient:41 ] -> exceptionCaughtjava.io.IOException: 远程主机强迫关闭了一个现有的连接。
07-28 11:14:57:187: [INFO : com.flynetwork.game.nettytest.NettyClient:20 ] -> 移除了客户端连接
07-28 11:15:16:781: [INFO : com.flynetwork.game.nettytest.NettyEncoder:27 ] -> Create NettyDecoder
07-28 11:15:16:781: [INFO : com.flynetwork.game.nettytest.NettyEncoder:31 ] -> Create NettyEncoder
07-28 11:15:16:796: [INFO : com.flynetwork.game.nettytest.NettyEncoder:27 ] -> Create NettyDecoder
07-28 11:15:16:796: [INFO : com.flynetwork.game.nettytest.NettyEncoder:36 ] -> encode
07-28 11:15:16:796: [INFO : com.flynetwork.game.nettytest.NettyEncoder:31 ] -> Create NettyEncoder
07-28 11:15:16:812: [INFO : com.flynetwork.game.nettytest.NettyEncoder:36 ] -> decode
07-28 11:15:16:812: [INFO : com.flynetwork.game.nettytest.NettyEncoder:37 ] -> decode 14
07-28 11:15:16:827: [INFO : com.flynetwork.game.nettytest.NettyEncoder:42 ] -> decode 900999
07-28 11:15:16:827: [INFO : com.flynetwork.game.nettytest.NettyClientHandler:37 ] -> client接收到服务器返回的消息:消息ID 900999 tipsString:0你好1
07-28 11:15:49:369: [INFO : com.flynetwork.game.nettytest.NettyEncoder:36 ] -> decode
07-28 11:15:49:385: [INFO : com.flynetwork.game.nettytest.NettyEncoder:37 ] -> decode 0
07-28 11:16:59:101: [INFO : com.flynetwork.game.nettytest.NettyEncoder:27 ] -> Create NettyDecoder
07-28 11:16:59:101: [INFO : com.flynetwork.game.nettytest.NettyEncoder:31 ] -> Create NettyEncoder
07-28 11:16:59:117: [INFO : com.flynetwork.game.nettytest.NettyEncoder:27 ] -> Create NettyDecoder
07-28 11:16:59:117: [INFO : com.flynetwork.game.nettytest.NettyEncoder:36 ] -> encode
07-28 11:16:59:117: [INFO : com.flynetwork.game.nettytest.NettyEncoder:31 ] -> Create NettyEncoder
07-28 11:16:59:117: [INFO : com.flynetwork.game.nettytest.NettyClient:26 ] -> 创建了新的客户端连接
07-28 11:16:59:132: [INFO : com.flynetwork.game.nettytest.NettyEncoder:36 ] -> decode
07-28 11:16:59:132: [INFO : com.flynetwork.game.nettytest.NettyEncoder:37 ] -> decode 14
07-28 11:16:59:132: [INFO : com.flynetwork.game.nettytest.NettyEncoder:42 ] -> decode 900999
07-28 11:16:59:132: [INFO : com.flynetwork.game.nettytest.NettyClient:31 ] -> 消息ID 900999 tipsString:0你好1
07-28 11:17:06:433: [INFO : com.flynetwork.game.nettytest.NettyClient:41 ] -> exceptionCaughtjava.io.IOException: 远程主机强迫关闭了一个现有的连接。
07-28 11:17:06:449: [INFO : com.flynetwork.game.nettytest.NettyEncoder:36 ] -> decode
07-28 11:17:06:449: [INFO : com.flynetwork.game.nettytest.NettyEncoder:37 ] -> decode 0
07-28 11:17:06:449: [INFO : com.flynetwork.game.nettytest.NettyClient:41 ] -> exceptionCaughtio.netty.handler.codec.DecoderException: java.io.EOFException: fieldSize is too long! Length is 4, but maximum is 0
07-28 11:17:06:449: [INFO : com.flynetwork.game.nettytest.NettyClient:20 ] -> 移除了客户端连接
07-28 11:36:06:088: [INFO : com.flynetwork.game.nettytest.NettyEncoder:29 ] -> Create NettyDecoder
07-28 11:36:06:088: [INFO : com.flynetwork.game.nettytest.NettyEncoder:26 ] -> Create NettyEncoder
07-28 11:36:06:103: [INFO : com.flynetwork.game.nettytest.NettyEncoder:29 ] -> Create NettyDecoder
07-28 11:36:06:103: [INFO : com.flynetwork.game.nettytest.NettyEncoder:31 ] -> encode
07-28 11:36:06:103: [INFO : com.flynetwork.game.nettytest.NettyEncoder:26 ] -> Create NettyEncoder
07-28 11:36:06:103: [INFO : com.flynetwork.game.nettytest.NettyClient:26 ] -> 创建了新的客户端连接
07-28 11:36:06:119: [INFO : com.flynetwork.game.nettytest.NettyEncoder:39 ] -> decode 16
07-28 11:36:06:135: [INFO : com.flynetwork.game.nettytest.NettyEncoder:47 ] -> decode 917517
